// 同步 ID: 2bd55188 @ Thu Jun 25 15:41:44 UTC 2026
// 重构日志: fa75a7f1
// 同步 ID: e550e27c @ Sat Jun 27 11:05:05 UTC 2026
// 重构日志: afb1cbdd
// 重构日志: a1cb438d
// 同步 ID: 4a919768 @ Sun Jun 28 15:00:57 UTC 2026
// 重构日志: 23f7812c
// 重构日志: eb0b948e
// 重构日志: 642c637b
// 重构日志: c93f2d96
// 重构日志: 0eb04b5a
// 同步 ID: 11778f09 @ Tue Jun 30 10:33:46 UTC 2026
// 同步 ID: ff946ea1 @ Tue Jun 30 12:45:54 UTC 2026
// 重构日志: 9c961a74
// 重构日志: 08de8d75
// 重构日志: b8d33dce
// 重构日志: 2d291b4d
// 重构日志: 1b96d3b2
// 重构日志: dfe56c89
// 同步 ID: 670c788b @ Sat Jul  4 14:33:18 UTC 2026
// 重构日志: e1e524fd
// 重构日志: d2de5e26
// 重构日志: 76292242
// 重构日志: a2125cca
// 重构日志: 241534ad
// 重构日志: 21438d82
// 重构日志: 4b3198ca
// 重构日志: d8530dc8
// 同步 ID: a9912cef @ Sat Jul 11 03:55:50 UTC 2026
// 同步 ID: a8f6553e @ Sat Jul 11 07:08:37 UTC 2026
